<?xml version="1.0" encoding="UTF-8"?><testsuite name="nosetests" tests="60" errors="0" failures="0" skip="0"><testcase classname="tests.unit.test_processpool.TestClientFactory" name="test_create_client" time="0.229"></testcase><testcase classname="tests.unit.test_processpool.TestClientFactory" name="test_create_client_with_client_kwargs" time="0.327"></testcase><testcase classname="tests.unit.test_processpool.TestGetObjectSubmitter" name="test_run_for_non_ranged_download" time="0.209"></testcase><testcase classname="tests.unit.test_processpool.TestGetObjectSubmitter" name="test_run_for_ranged_download" time="0.217"></testcase><testcase classname="tests.unit.test_processpool.TestGetObjectSubmitter" name="test_run_when_expected_size_not_provided" time="0.330"></testcase><testcase classname="tests.unit.test_processpool.TestGetObjectSubmitter" name="test_run_with_error_in_allocating_temp_file" time="0.225"></testcase><testcase classname="tests.unit.test_processpool.TestGetObjectSubmitter" name="test_run_with_exception" time="0.282"></testcase><testcase classname="tests.unit.test_processpool.TestGetObjectSubmitter" name="test_run_with_extra_args" time="0.217"></testcase><testcase classname="tests.unit.test_processpool.TestGetObjectSubmitter" name="test_submitter_cannot_be_killed" time="0.338"></testcase><testcase classname="tests.unit.test_processpool.TestGetObjectWorker" name="test_run_can_exhaust_retries_for_get_object" time="0.263"></testcase><testcase classname="tests.unit.test_processpool.TestGetObjectWorker" name="test_run_does_retries_for_get_object" time="0.248"></testcase><testcase classname="tests.unit.test_processpool.TestGetObjectWorker" name="test_run_error_in_get_object" time="0.400"></testcase><testcase classname="tests.unit.test_processpool.TestGetObjectWorker" name="test_run_fails_to_rename_file" time="0.249"></testcase><testcase classname="tests.unit.test_processpool.TestGetObjectWorker" name="test_run_final_job_removes_file_on_previous_exception" time="0.236"></testcase><testcase classname="tests.unit.test_processpool.TestGetObjectWorker" name="test_run_is_final_job" time="0.245"></testcase><testcase classname="tests.unit.test_processpool.TestGetObjectWorker" name="test_run_jobs_is_not_final_job" time="0.480"></testcase><testcase classname="tests.unit.test_processpool.TestGetObjectWorker" name="test_run_skips_get_object_on_previous_exception" time="0.219"></testcase><testcase classname="tests.unit.test_processpool.TestGetObjectWorker" name="test_run_with_extra_args" time="0.204"></testcase><testcase classname="tests.unit.test_processpool.TestGetObjectWorker" name="test_run_with_offset" time="0.221"></testcase><testcase classname="tests.unit.test_processpool.TestGetObjectWorker" name="test_worker_cannot_be_killed" time="0.494"></testcase><testcase classname="tests.unit.test_processpool.TestIgnoreCtrlC" name="test_ignore_ctrl_c" time="0.000"></testcase><testcase classname="tests.unit.test_processpool.TestProcessPoolDownloader" name="test_uses_client_kwargs" time="0.004"></testcase><testcase classname="tests.unit.test_processpool.TestProcessPoolTransferFuture" name="test_cancel" time="0.000"></testcase><testcase classname="tests.unit.test_processpool.TestProcessPoolTransferFuture" name="test_done" time="0.000"></testcase><testcase classname="tests.unit.test_processpool.TestProcessPoolTransferFuture" name="test_meta" time="0.000"></testcase><testcase classname="tests.unit.test_processpool.TestProcessPoolTransferFuture" name="test_result" time="0.000"></testcase><testcase classname="tests.unit.test_processpool.TestProcessPoolTransferFuture" name="test_result_with_exception" time="0.000"></testcase><testcase classname="tests.unit.test_processpool.TestProcessPoolTransferFuture" name="test_result_with_keyboard_interrupt" time="0.002"></testcase><testcase classname="tests.unit.test_processpool.TestProcessPoolTransferMeta" name="test_call_args" time="0.000"></testcase><testcase classname="tests.unit.test_processpool.TestProcessPoolTransferMeta" name="test_transfer_id" time="0.000"></testcase><testcase classname="tests.unit.test_processpool.TestProcessPoolTransferMeta" name="test_user_context" time="0.000"></testcase><testcase classname="tests.unit.test_processpool.TestTransferMonitor" name="test_done" time="0.000"></testcase><testcase classname="tests.unit.test_processpool.TestTransferMonitor" name="test_get_no_exception" time="0.000"></testcase><testcase classname="tests.unit.test_processpool.TestTransferMonitor" name="test_notify_cancel_all_in_progress" time="0.001"></testcase><testcase classname="tests.unit.test_processpool.TestTransferMonitor" name="test_notify_cancel_does_not_affect_done_transfers" time="0.000"></testcase><testcase classname="tests.unit.test_processpool.TestTransferMonitor" name="test_notify_get_exception" time="0.000"></testcase><testcase classname="tests.unit.test_processpool.TestTransferMonitor" name="test_notify_jobs" time="0.000"></testcase><testcase classname="tests.unit.test_processpool.TestTransferMonitor" name="test_notify_jobs_for_multiple_transfers" time="0.000"></testcase><testcase classname="tests.unit.test_processpool.TestTransferMonitor" name="test_notify_new_transfer_creates_new_state" time="0.000"></testcase><testcase classname="tests.unit.test_processpool.TestTransferMonitor" name="test_notify_new_transfer_increments_transfer_id" time="0.000"></testcase><testcase classname="tests.unit.test_processpool.TestTransferMonitor" name="test_poll_for_result" time="0.000"></testcase><testcase classname="tests.unit.test_processpool.TestTransferMonitor" name="test_poll_for_result_raises_error" time="0.000"></testcase><testcase classname="tests.unit.test_processpool.TestTransferMonitor" name="test_poll_for_result_waits_till_done" time="0.067"></testcase><testcase classname="tests.unit.test_processpool.TestTransferState" name="test_decrement_jobs_to_complete" time="0.000"></testcase><testcase classname="tests.unit.test_processpool.TestTransferState" name="test_done" time="0.000"></testcase><testcase classname="tests.unit.test_processpool.TestTransferState" name="test_exception" time="0.000"></testcase><testcase classname="tests.unit.test_processpool.TestTransferState" name="test_jobs_to_complete" time="0.000"></testcase><testcase classname="tests.unit.test_processpool.TestTransferState" name="test_waits_till_done_is_set" time="0.066"></testcase><testcase classname="tests.functional.test_processpool.TestProcessPoolDownloader" name="test_cleans_up_tempfile_on_failure" time="0.358"></testcase><testcase classname="tests.functional.test_processpool.TestProcessPoolDownloader" name="test_download_file" time="0.515"></testcase><testcase classname="tests.functional.test_processpool.TestProcessPoolDownloader" name="test_download_file_expected_size" time="0.345"></testcase><testcase classname="tests.functional.test_processpool.TestProcessPoolDownloader" name="test_download_file_extra_args" time="0.355"></testcase><testcase classname="tests.functional.test_processpool.TestProcessPoolDownloader" name="test_download_file_ranged_download" time="0.435"></testcase><testcase classname="tests.functional.test_processpool.TestProcessPoolDownloader" name="test_download_multiple_files" time="0.443"></testcase><testcase classname="tests.functional.test_processpool.TestProcessPoolDownloader" name="test_result_with_cancel" time="0.426"></testcase><testcase classname="tests.functional.test_processpool.TestProcessPoolDownloader" name="test_result_with_exception" time="0.543"></testcase><testcase classname="tests.functional.test_processpool.TestProcessPoolDownloader" name="test_result_with_success" time="0.397"></testcase><testcase classname="tests.functional.test_processpool.TestProcessPoolDownloader" name="test_shutdown_with_no_downloads" time="0.354"></testcase><testcase classname="tests.functional.test_processpool.TestProcessPoolDownloader" name="test_shutdown_with_no_downloads_and_ctrl_c" time="0.275"></testcase><testcase classname="tests.functional.test_processpool.TestProcessPoolDownloader" name="test_validates_extra_args" time="0.314"></testcase></testsuite>