<?xml version="1.0" encoding="UTF-8"?><testsuite name="nosetests" tests="437" errors="0" failures="0" skip="0"><testcase classname="tests.unit.test_compat.TestReadable" name="test_non_file_like_obj" time="0.000"></testcase><testcase classname="tests.unit.test_compat.TestReadable" name="test_readable_file_like_obj" time="0.000"></testcase><testcase classname="tests.unit.test_compat.TestReadable" name="test_readable_fileobj" time="0.001"></testcase><testcase classname="tests.unit.test_compat.TestSeekable" name="test_non_file_like_obj" time="0.001"></testcase><testcase classname="tests.unit.test_compat.TestSeekable" name="test_non_seekable_ioerror" time="0.000"></testcase><testcase classname="tests.unit.test_compat.TestSeekable" name="test_non_seekable_oserror" time="0.000"></testcase><testcase classname="tests.unit.test_compat.TestSeekable" name="test_seekable_fileobj" time="0.000"></testcase><testcase classname="tests.unit.test_copies.TestCopyObjectTask" name="test_callbacks_invoked" time="0.025"></testcase><testcase classname="tests.unit.test_copies.TestCopyObjectTask" name="test_extra_args" time="0.023"></testcase><testcase classname="tests.unit.test_copies.TestCopyObjectTask" name="test_main" time="0.025"></testcase><testcase classname="tests.unit.test_copies.TestCopyPartTask" name="test_callbacks_invoked" time="0.027"></testcase><testcase classname="tests.unit.test_copies.TestCopyPartTask" name="test_extra_args" time="0.031"></testcase><testcase classname="tests.unit.test_copies.TestCopyPartTask" name="test_main" time="0.027"></testcase><testcase classname="tests.unit.test_download.TestDeferQueue" name="test_data_can_be_any_size" time="0.000"></testcase><testcase classname="tests.unit.test_download.TestDeferQueue" name="test_data_queued_in_order" time="0.000"></testcase><testcase classname="tests.unit.test_download.TestDeferQueue" name="test_duplicate_writes_are_ignored" time="0.000"></testcase><testcase classname="tests.unit.test_download.TestDeferQueue" name="test_no_writes_when_not_lowest_block" time="0.000"></testcase><testcase classname="tests.unit.test_download.TestDeferQueue" name="test_unlocks_partial_range" time="0.000"></testcase><testcase classname="tests.unit.test_download.TestDeferQueue" name="test_writes_below_min_offset_are_ignored" time="0.000"></testcase><testcase classname="tests.unit.test_download.TestDeferQueue" name="test_writes_returned_in_order" time="0.000"></testcase><testcase classname="tests.unit.test_download.TestDownloadChunkIterator" name="test_empty_content" time="0.000"></testcase><testcase classname="tests.unit.test_download.TestDownloadChunkIterator" name="test_iter" time="0.000"></testcase><testcase classname="tests.unit.test_download.TestDownloadChunkIterator" name="test_iter_chunksize" time="0.000"></testcase><testcase classname="tests.unit.test_download.TestDownloadFilenameOutputManager" name="test_can_queue_file_io_task" time="0.027"></testcase><testcase classname="tests.unit.test_download.TestDownloadFilenameOutputManager" name="test_get_download_task_tag" time="0.025"></testcase><testcase classname="tests.unit.test_download.TestDownloadFilenameOutputManager" name="test_get_file_io_write_task" time="0.016"></testcase><testcase classname="tests.unit.test_download.TestDownloadFilenameOutputManager" name="test_get_fileobj_for_io_writes" time="0.015"></testcase><testcase classname="tests.unit.test_download.TestDownloadFilenameOutputManager" name="test_get_final_io_task" time="0.017"></testcase><testcase classname="tests.unit.test_download.TestDownloadFilenameOutputManager" name="test_is_compatible" time="0.015"></testcase><testcase classname="tests.unit.test_download.TestDownloadNonSeekableOutputManager" name="test_compatible_with_non_seekable_stream" time="0.017"></testcase><testcase classname="tests.unit.test_download.TestDownloadNonSeekableOutputManager" name="test_get_download_task_tag" time="0.016"></testcase><testcase classname="tests.unit.test_download.TestDownloadNonSeekableOutputManager" name="test_get_file_io_write_task" time="0.022"></testcase><testcase classname="tests.unit.test_download.TestDownloadNonSeekableOutputManager" name="test_is_compatible_with_bytesio" time="0.024"></testcase><testcase classname="tests.unit.test_download.TestDownloadNonSeekableOutputManager" name="test_is_compatible_with_seekable_stream" time="0.023"></testcase><testcase classname="tests.unit.test_download.TestDownloadNonSeekableOutputManager" name="test_not_compatible_with_filename" time="0.022"></testcase><testcase classname="tests.unit.test_download.TestDownloadNonSeekableOutputManager" name="test_submit_writes_from_internal_queue" time="0.027"></testcase><testcase classname="tests.unit.test_download.TestDownloadSeekableOutputManager" name="test_can_queue_file_io_task" time="0.025"></testcase><testcase classname="tests.unit.test_download.TestDownloadSeekableOutputManager" name="test_get_download_task_tag" time="0.020"></testcase><testcase classname="tests.unit.test_download.TestDownloadSeekableOutputManager" name="test_get_file_io_write_task" time="0.015"></testcase><testcase classname="tests.unit.test_download.TestDownloadSeekableOutputManager" name="test_get_fileobj_for_io_writes" time="0.017"></testcase><testcase classname="tests.unit.test_download.TestDownloadSeekableOutputManager" name="test_get_final_io_task" time="0.017"></testcase><testcase classname="tests.unit.test_download.TestDownloadSeekableOutputManager" name="test_is_compatible" time="0.023"></testcase><testcase classname="tests.unit.test_download.TestDownloadSeekableOutputManager" name="test_is_compatible_bytes_io" time="0.019"></testcase><testcase classname="tests.unit.test_download.TestDownloadSeekableOutputManager" name="test_not_compatible_for_non_filelike_obj" time="0.068"></testcase><testcase classname="tests.unit.test_download.TestDownloadSpecialFilenameOutputManager" name="test_can_queue_file_io_task" time="0.019"></testcase><testcase classname="tests.unit.test_download.TestDownloadSpecialFilenameOutputManager" name="test_get_fileobj_for_io_writes" time="0.020"></testcase><testcase classname="tests.unit.test_download.TestDownloadSpecialFilenameOutputManager" name="test_get_final_io_task" time="0.020"></testcase><testcase classname="tests.unit.test_download.TestDownloadSpecialFilenameOutputManager" name="test_is_compatible_for_special_file" time="0.024"></testcase><testcase classname="tests.unit.test_download.TestDownloadSpecialFilenameOutputManager" name="test_is_not_compatible_for_non_special_file" time="0.026"></testcase><testcase classname="tests.unit.test_download.TestDownloadSubmissionTask" name="test_submits_no_tag_for_get_object_filename" time="0.028"></testcase><testcase classname="tests.unit.test_download.TestDownloadSubmissionTask" name="test_submits_no_tag_for_get_object_fileobj" time="0.024"></testcase><testcase classname="tests.unit.test_download.TestDownloadSubmissionTask" name="test_submits_no_tag_for_ranged_get_filename" time="0.027"></testcase><testcase classname="tests.unit.test_download.TestDownloadSubmissionTask" name="test_submits_no_tag_for_ranged_get_object_fileobj" time="0.025"></testcase><testcase classname="tests.unit.test_download.TestDownloadSubmissionTask" name="tests_submits_tag_for_get_object_nonseekable_fileobj" time="0.020"></testcase><testcase classname="tests.unit.test_download.TestDownloadSubmissionTask" name="tests_submits_tag_for_ranged_get_object_nonseekable_fileobj" time="0.027"></testcase><testcase classname="tests.unit.test_download.TestGetObjectTask" name="test_cancels_out_of_queueing" time="0.018"></testcase><testcase classname="tests.unit.test_download.TestGetObjectTask" name="test_control_chunk_size" time="0.022"></testcase><testcase classname="tests.unit.test_download.TestGetObjectTask" name="test_extra_args" time="0.018"></testcase><testcase classname="tests.unit.test_download.TestGetObjectTask" name="test_main" time="0.017"></testcase><testcase classname="tests.unit.test_download.TestGetObjectTask" name="test_retries_failure" time="0.022"></testcase><testcase classname="tests.unit.test_download.TestGetObjectTask" name="test_retries_in_middle_of_streaming" time="0.022"></testcase><testcase classname="tests.unit.test_download.TestGetObjectTask" name="test_retries_succeeds" time="0.020"></testcase><testcase classname="tests.unit.test_download.TestGetObjectTask" name="test_start_index" time="0.017"></testcase><testcase classname="tests.unit.test_download.TestIOCloseTask" name="test_main" time="0.015"></testcase><testcase classname="tests.unit.test_download.TestIORenameFileTask" name="test_main" time="0.017"></testcase><testcase classname="tests.unit.test_download.TestIOStreamingWriteTask" name="test_main" time="0.015"></testcase><testcase classname="tests.unit.test_download.TestIOWriteTask" name="test_main" time="0.017"></testcase><testcase classname="tests.unit.test_download.TestImmediatelyWriteIOGetObjectTask" name="test_cancels_out_of_queueing" time="0.025"></testcase><testcase classname="tests.unit.test_download.TestImmediatelyWriteIOGetObjectTask" name="test_control_chunk_size" time="0.026"></testcase><testcase classname="tests.unit.test_download.TestImmediatelyWriteIOGetObjectTask" name="test_extra_args" time="0.122"></testcase><testcase classname="tests.unit.test_download.TestImmediatelyWriteIOGetObjectTask" name="test_main" time="0.041"></testcase><testcase classname="tests.unit.test_download.TestImmediatelyWriteIOGetObjectTask" name="test_retries_failure" time="0.042"></testcase><testcase classname="tests.unit.test_download.TestImmediatelyWriteIOGetObjectTask" name="test_retries_in_middle_of_streaming" time="0.029"></testcase><testcase classname="tests.unit.test_download.TestImmediatelyWriteIOGetObjectTask" name="test_retries_succeeds" time="0.026"></testcase><testcase classname="tests.unit.test_download.TestImmediatelyWriteIOGetObjectTask" name="test_start_index" time="0.025"></testcase><testcase classname="tests.unit.test_futures.TestBoundedExecutor" name="test_executor_blocks_on_full_capacity" time="0.002"></testcase><testcase classname="tests.unit.test_futures.TestBoundedExecutor" name="test_executor_clears_capacity_on_done_tasks" time="0.003"></testcase><testcase classname="tests.unit.test_futures.TestBoundedExecutor" name="test_replace_underlying_executor" time="0.002"></testcase><testcase classname="tests.unit.test_futures.TestBoundedExecutor" name="test_shutdown" time="0.013"></testcase><testcase classname="tests.unit.test_futures.TestBoundedExecutor" name="test_shutdown_no_wait" time="0.001"></testcase><testcase classname="tests.unit.test_futures.TestBoundedExecutor" name="test_submit_single_task" time="0.002"></testcase><testcase classname="tests.unit.test_futures.TestBoundedExecutor" name="test_would_not_block_when_full_capacity_in_other_semaphore" time="0.002"></testcase><testcase classname="tests.unit.test_futures.TestExecutorFuture" name="test_add_done_callback" time="0.001"></testcase><testcase classname="tests.unit.test_futures.TestExecutorFuture" name="test_done" time="0.001"></testcase><testcase classname="tests.unit.test_futures.TestExecutorFuture" name="test_result" time="0.001"></testcase><testcase classname="tests.unit.test_futures.TestNonThreadedExecutor" name="test_submit" time="0.000"></testcase><testcase classname="tests.unit.test_futures.TestNonThreadedExecutor" name="test_submit_with_exception" time="0.000"></testcase><testcase classname="tests.unit.test_futures.TestNonThreadedExecutor" name="test_submit_with_exception_and_captures_info" time="0.002"></testcase><testcase classname="tests.unit.test_futures.TestNonThreadedExecutorFuture" name="test_done_after_setting_exception" time="0.000"></testcase><testcase classname="tests.unit.test_futures.TestNonThreadedExecutorFuture" name="test_done_after_setting_result" time="0.000"></testcase><testcase classname="tests.unit.test_futures.TestNonThreadedExecutorFuture" name="test_done_callback" time="0.000"></testcase><testcase classname="tests.unit.test_futures.TestNonThreadedExecutorFuture" name="test_done_callback_after_done" time="0.000"></testcase><testcase classname="tests.unit.test_futures.TestNonThreadedExecutorFuture" name="test_done_starts_false" time="0.000"></testcase><testcase classname="tests.unit.test_futures.TestNonThreadedExecutorFuture" name="test_exception_result" time="0.000"></testcase><testcase classname="tests.unit.test_futures.TestNonThreadedExecutorFuture" name="test_exception_result_doesnt_modify_last_frame" time="0.001"></testcase><testcase classname="tests.unit.test_futures.TestNonThreadedExecutorFuture" name="test_result" time="0.000"></testcase><testcase classname="tests.unit.test_futures.TestTransferCoordinator" name="test_associated_futures" time="0.000"></testcase><testcase classname="tests.unit.test_futures.TestTransferCoordinator" name="test_association_and_disassociation_on_submit" time="0.002"></testcase><testcase classname="tests.unit.test_futures.TestTransferCoordinator" name="test_cancel" time="0.000"></testcase><testcase classname="tests.unit.test_futures.TestTransferCoordinator" name="test_cancel_can_run_done_callbacks_that_uses_result" time="0.000"></testcase><testcase classname="tests.unit.test_futures.TestTransferCoordinator" name="test_cancel_cannot_override_done_state" time="0.000"></testcase><testcase classname="tests.unit.test_futures.TestTransferCoordinator" name="test_cancel_with_message" time="0.001"></testcase><testcase classname="tests.unit.test_futures.TestTransferCoordinator" name="test_cancel_with_provided_exception" time="0.000"></testcase><testcase classname="tests.unit.test_futures.TestTransferCoordinator" name="test_cannot_set_status_to_queued_from_done_state" time="0.000"></testcase><testcase classname="tests.unit.test_futures.TestTransferCoordinator" name="test_cannot_set_status_to_running_from_done_state" time="0.000"></testcase><testcase classname="tests.unit.test_futures.TestTransferCoordinator" name="test_done" time="0.000"></testcase><testcase classname="tests.unit.test_futures.TestTransferCoordinator" name="test_done_callbacks_on_done" time="0.000"></testcase><testcase classname="tests.unit.test_futures.TestTransferCoordinator" name="test_exception_can_override_done_state_with_override_flag" time="0.000"></testcase><testcase classname="tests.unit.test_futures.TestTransferCoordinator" name="test_exception_cannot_override_done_state" time="0.000"></testcase><testcase classname="tests.unit.test_futures.TestTransferCoordinator" name="test_failure_cleanups" time="0.000"></testcase><testcase classname="tests.unit.test_futures.TestTransferCoordinator" name="test_failure_cleanups_on_done" time="0.000"></testcase><testcase classname="tests.unit.test_futures.TestTransferCoordinator" name="test_initial_status" time="0.000"></testcase><testcase classname="tests.unit.test_futures.TestTransferCoordinator" name="test_repr" time="0.000"></testcase><testcase classname="tests.unit.test_futures.TestTransferCoordinator" name="test_result_waits_until_done" time="0.053"></testcase><testcase classname="tests.unit.test_futures.TestTransferCoordinator" name="test_set_exception" time="0.001"></testcase><testcase classname="tests.unit.test_futures.TestTransferCoordinator" name="test_set_result" time="0.000"></testcase><testcase classname="tests.unit.test_futures.TestTransferCoordinator" name="test_set_result_can_override_cancel" time="0.001"></testcase><testcase classname="tests.unit.test_futures.TestTransferCoordinator" name="test_set_status_to_queued" time="0.000"></testcase><testcase classname="tests.unit.test_futures.TestTransferCoordinator" name="test_status_running" time="0.000"></testcase><testcase classname="tests.unit.test_futures.TestTransferCoordinator" name="test_submit" time="0.004"></testcase><testcase classname="tests.unit.test_futures.TestTransferCoordinator" name="test_transfer_id" time="0.000"></testcase><testcase classname="tests.unit.test_futures.TestTransferFuture" name="test_cancel" time="0.001"></testcase><testcase classname="tests.unit.test_futures.TestTransferFuture" name="test_done" time="0.000"></testcase><testcase classname="tests.unit.test_futures.TestTransferFuture" name="test_keyboard_interrupt_on_result_does_not_block" time="0.001"></testcase><testcase classname="tests.unit.test_futures.TestTransferFuture" name="test_meta" time="0.000"></testcase><testcase classname="tests.unit.test_futures.TestTransferFuture" name="test_result" time="0.000"></testcase><testcase classname="tests.unit.test_futures.TestTransferFuture" name="test_set_exception" time="0.001"></testcase><testcase classname="tests.unit.test_futures.TestTransferFuture" name="test_set_exception_only_after_done" time="0.000"></testcase><testcase classname="tests.unit.test_futures.TestTransferMeta" name="test_call_args" time="0.000"></testcase><testcase classname="tests.unit.test_futures.TestTransferMeta" name="test_size" time="0.000"></testcase><testcase classname="tests.unit.test_futures.TestTransferMeta" name="test_transfer_id" time="0.000"></testcase><testcase classname="tests.unit.test_futures.TestTransferMeta" name="test_user_context" time="0.000"></testcase><testcase classname="tests.unit.test_manager.TestTransferConfig" name="test_exception_on_zero_attr_value" time="0.000"></testcase><testcase classname="tests.unit.test_manager.TestTransferCoordinatorController" name="test_add_transfer_coordinator" time="0.000"></testcase><testcase classname="tests.unit.test_manager.TestTransferCoordinatorController" name="test_cancel" time="0.001"></testcase><testcase classname="tests.unit.test_manager.TestTransferCoordinatorController" name="test_cancel_with_message" time="0.001"></testcase><testcase classname="tests.unit.test_manager.TestTransferCoordinatorController" name="test_cancel_with_provided_exception" time="0.001"></testcase><testcase classname="tests.unit.test_manager.TestTransferCoordinatorController" name="test_remove_transfer_coordinator" time="0.000"></testcase><testcase classname="tests.unit.test_manager.TestTransferCoordinatorController" name="test_wait_can_be_interrupted" time="0.001"></testcase><testcase classname="tests.unit.test_manager.TestTransferCoordinatorController" name="test_wait_does_not_propogate_exceptions_from_result" time="0.000"></testcase><testcase classname="tests.unit.test_manager.TestTransferCoordinatorController" name="test_wait_for_done_transfer_coordinators" time="0.023"></testcase><testcase classname="tests.unit.test_s3transfer.TestCallbackHandlers" name="test_disable_request_on_put_object" time="0.001"></testcase><testcase classname="tests.unit.test_s3transfer.TestCallbackHandlers" name="test_disable_request_on_upload_part" time="0.002"></testcase><testcase classname="tests.unit.test_s3transfer.TestCallbackHandlers" name="test_dont_disable_if_missing_interface" time="0.001"></testcase><testcase classname="tests.unit.test_s3transfer.TestCallbackHandlers" name="test_dont_disable_if_wrong_operation" time="0.001"></testcase><testcase classname="tests.unit.test_s3transfer.TestCallbackHandlers" name="test_dont_enable_if_missing_interface" time="0.001"></testcase><testcase classname="tests.unit.test_s3transfer.TestCallbackHandlers" name="test_dont_enable_if_wrong_operation" time="0.001"></testcase><testcase classname="tests.unit.test_s3transfer.TestCallbackHandlers" name="test_enable_object_on_put_object" time="0.001"></testcase><testcase classname="tests.unit.test_s3transfer.TestCallbackHandlers" name="test_enable_object_on_upload_part" time="0.001"></testcase><testcase classname="tests.unit.test_s3transfer.TestMultipartDownloader" name="test_download_futures_fail_triggers_shutdown" time="0.004"></testcase><testcase classname="tests.unit.test_s3transfer.TestMultipartDownloader" name="test_exception_raised_on_exceeded_retries" time="0.010"></testcase><testcase classname="tests.unit.test_s3transfer.TestMultipartDownloader" name="test_io_thread_failure_triggers_shutdown" time="0.011"></testcase><testcase classname="tests.unit.test_s3transfer.TestMultipartDownloader" name="test_multipart_download_uses_correct_client_calls" time="0.002"></testcase><testcase classname="tests.unit.test_s3transfer.TestMultipartDownloader" name="test_multipart_download_with_multiple_parts" time="0.003"></testcase><testcase classname="tests.unit.test_s3transfer.TestMultipartDownloader" name="test_retry_on_failures_from_stream_reads" time="0.005"></testcase><testcase classname="tests.unit.test_s3transfer.TestMultipartUploader" name="test_multipart_upload_injects_proper_kwargs" time="0.002"></testcase><testcase classname="tests.unit.test_s3transfer.TestMultipartUploader" name="test_multipart_upload_is_aborted_on_error" time="0.004"></testcase><testcase classname="tests.unit.test_s3transfer.TestMultipartUploader" name="test_multipart_upload_uses_correct_client_calls" time="0.002"></testcase><testcase classname="tests.unit.test_s3transfer.TestOSUtils" name="test_get_file_size" time="0.003"></testcase><testcase classname="tests.unit.test_s3transfer.TestOSUtils" name="test_open_file" time="0.001"></testcase><testcase classname="tests.unit.test_s3transfer.TestOSUtils" name="test_open_file_chunk_reader" time="0.003"></testcase><testcase classname="tests.unit.test_s3transfer.TestOSUtils" name="test_remove_file_ignores_errors" time="0.002"></testcase><testcase classname="tests.unit.test_s3transfer.TestOSUtils" name="test_remove_file_proxies_remove_file" time="0.002"></testcase><testcase classname="tests.unit.test_s3transfer.TestOSUtils" name="test_rename_file" time="0.002"></testcase><testcase classname="tests.unit.test_s3transfer.TestRandomFileExtension" name="test_has_proper_length" time="0.000"></testcase><testcase classname="tests.unit.test_s3transfer.TestReadFileChunk" name="test_file_chunk_supports_context_manager" time="0.001"></testcase><testcase classname="tests.unit.test_s3transfer.TestReadFileChunk" name="test_iter_is_always_empty" time="0.001"></testcase><testcase classname="tests.unit.test_s3transfer.TestReadFileChunk" name="test_read_entire_chunk" time="0.001"></testcase><testcase classname="tests.unit.test_s3transfer.TestReadFileChunk" name="test_read_past_end_of_file" time="0.001"></testcase><testcase classname="tests.unit.test_s3transfer.TestReadFileChunk" name="test_read_with_amount_size" time="0.001"></testcase><testcase classname="tests.unit.test_s3transfer.TestReadFileChunk" name="test_reset_stream_emulation" time="0.001"></testcase><testcase classname="tests.unit.test_s3transfer.TestReadFileChunk" name="test_tell_and_seek" time="0.001"></testcase><testcase classname="tests.unit.test_s3transfer.TestReadFileChunkWithCallback" name="test_callback_can_be_disabled" time="0.001"></testcase><testcase classname="tests.unit.test_s3transfer.TestReadFileChunkWithCallback" name="test_callback_is_invoked_on_read" time="0.000"></testcase><testcase classname="tests.unit.test_s3transfer.TestReadFileChunkWithCallback" name="test_callback_will_also_be_triggered_by_seek" time="0.001"></testcase><testcase classname="tests.unit.test_s3transfer.TestReadFileChunkWithCallback" name="test_file_chunk_supports_context_manager" time="0.001"></testcase><testcase classname="tests.unit.test_s3transfer.TestReadFileChunkWithCallback" name="test_iter_is_always_empty" time="0.001"></testcase><testcase classname="tests.unit.test_s3transfer.TestReadFileChunkWithCallback" name="test_read_entire_chunk" time="0.001"></testcase><testcase classname="tests.unit.test_s3transfer.TestReadFileChunkWithCallback" name="test_read_past_end_of_file" time="0.001"></testcase><testcase classname="tests.unit.test_s3transfer.TestReadFileChunkWithCallback" name="test_read_with_amount_size" time="0.001"></testcase><testcase classname="tests.unit.test_s3transfer.TestReadFileChunkWithCallback" name="test_reset_stream_emulation" time="0.001"></testcase><testcase classname="tests.unit.test_s3transfer.TestReadFileChunkWithCallback" name="test_tell_and_seek" time="0.001"></testcase><testcase classname="tests.unit.test_s3transfer.TestS3Transfer" name="test_callback_handlers_register_on_put_item" time="0.001"></testcase><testcase classname="tests.unit.test_s3transfer.TestS3Transfer" name="test_can_create_with_just_client" time="0.000"></testcase><testcase classname="tests.unit.test_s3transfer.TestS3Transfer" name="test_download_below_multipart_threshold" time="0.001"></testcase><testcase classname="tests.unit.test_s3transfer.TestS3Transfer" name="test_download_file_fowards_extra_args" time="0.001"></testcase><testcase classname="tests.unit.test_s3transfer.TestS3Transfer" name="test_download_file_with_invalid_extra_args" time="0.001"></testcase><testcase classname="tests.unit.test_s3transfer.TestS3Transfer" name="test_extra_args_on_uploaded_passed_to_api_call" time="0.001"></testcase><testcase classname="tests.unit.test_s3transfer.TestS3Transfer" name="test_get_object_stream_is_retried_and_succeeds" time="0.001"></testcase><testcase classname="tests.unit.test_s3transfer.TestS3Transfer" name="test_get_object_stream_uses_all_retries_and_errors_out" time="0.004"></testcase><testcase classname="tests.unit.test_s3transfer.TestS3Transfer" name="test_upload_below_multipart_threshold_uses_put_object" time="0.001"></testcase><testcase classname="tests.unit.test_s3transfer.TestS3Transfer" name="test_upload_file_with_invalid_extra_args" time="0.000"></testcase><testcase classname="tests.unit.test_s3transfer.TestS3Transfer" name="test_uses_multipart_download_when_over_threshold" time="0.002"></testcase><testcase classname="tests.unit.test_s3transfer.TestS3Transfer" name="test_uses_multipart_upload_when_over_threshold" time="0.002"></testcase><testcase classname="tests.unit.test_s3transfer.TestShutdownQueue" name="test_handles_normal_put_get_requests" time="0.000"></testcase><testcase classname="tests.unit.test_s3transfer.TestShutdownQueue" name="test_put_raises_error_on_shutdown" time="0.000"></testcase><testcase classname="tests.unit.test_s3transfer.TestStreamReaderProgress" name="test_callback_invoked" time="0.000"></testcase><testcase classname="tests.unit.test_s3transfer.TestStreamReaderProgress" name="test_proxies_to_wrapped_stream" time="0.000"></testcase><testcase classname="tests.unit.test_subscribers.TestSubscribers" name="test_can_call_base_subscriber_method" time="0.000"></testcase><testcase classname="tests.unit.test_subscribers.TestSubscribers" name="test_can_instantiate_base_subscriber" time="0.000"></testcase><testcase classname="tests.unit.test_subscribers.TestSubscribers" name="test_can_subclass_and_override_constructor_from_base_class" time="0.000"></testcase><testcase classname="tests.unit.test_subscribers.TestSubscribers" name="test_can_subclass_and_override_method_from_base_subscriber" time="0.000"></testcase><testcase classname="tests.unit.test_subscribers.TestSubscribers" name="test_invalid_arguments_in_constructor_of_subclass_subscriber" time="0.000"></testcase><testcase classname="tests.unit.test_subscribers.TestSubscribers" name="test_no_kwargs_in_subclass_subscriber_method" time="0.000"></testcase><testcase classname="tests.unit.test_subscribers.TestSubscribers" name="test_not_callable_in_subclass_subscriber_method" time="0.000"></testcase><testcase classname="tests.unit.test_subscribers.TestSubscribers" name="test_subclass_can_have_and_call_additional_methods" time="0.000"></testcase><testcase classname="tests.unit.test_tasks.TestCompleteMultipartUploadTask" name="test_main" time="0.016"></testcase><testcase classname="tests.unit.test_tasks.TestCreateMultipartUploadTask" name="test_main" time="0.019"></testcase><testcase classname="tests.unit.test_tasks.TestSubmissionTask" name="test_calls_done_callbacks_on_exception" time="0.016"></testcase><testcase classname="tests.unit.test_tasks.TestSubmissionTask" name="test_calls_failure_cleanups_on_exception" time="0.015"></testcase><testcase classname="tests.unit.test_tasks.TestSubmissionTask" name="test_catches_and_sets_keyboard_interrupt_exception_from_submit" time="0.017"></testcase><testcase classname="tests.unit.test_tasks.TestSubmissionTask" name="test_cleanups_only_ran_once_on_exception" time="0.017"></testcase><testcase classname="tests.unit.test_tasks.TestSubmissionTask" name="test_done_callbacks_only_ran_once_on_exception" time="0.019"></testcase><testcase classname="tests.unit.test_tasks.TestSubmissionTask" name="test_handles_cleanups_submitted_in_other_tasks" time="0.017"></testcase><testcase classname="tests.unit.test_tasks.TestSubmissionTask" name="test_on_queued_callbacks" time="0.018"></testcase><testcase classname="tests.unit.test_tasks.TestSubmissionTask" name="test_on_queued_status_in_callbacks" time="0.022"></testcase><testcase classname="tests.unit.test_tasks.TestSubmissionTask" name="test_sets_exception_from_submit" time="0.021"></testcase><testcase classname="tests.unit.test_tasks.TestSubmissionTask" name="test_submission_task_announces_done_if_cancelled_before_main" time="0.024"></testcase><testcase classname="tests.unit.test_tasks.TestSubmissionTask" name="test_transitions_from_not_started_to_queued_to_running" time="0.021"></testcase><testcase classname="tests.unit.test_tasks.TestSubmissionTask" name="test_waits_for_tasks_submitted_by_other_tasks_on_exception" time="0.023"></testcase><testcase classname="tests.unit.test_tasks.TestTask" name="test_context_status_transitioning_failed" time="0.001"></testcase><testcase classname="tests.unit.test_tasks.TestTask" name="test_context_status_transitioning_success" time="0.001"></testcase><testcase classname="tests.unit.test_tasks.TestTask" name="test_done_callbacks_failure" time="0.001"></testcase><testcase classname="tests.unit.test_tasks.TestTask" name="test_done_callbacks_success" time="0.000"></testcase><testcase classname="tests.unit.test_tasks.TestTask" name="test_failure_cleanups_on_failure" time="0.001"></testcase><testcase classname="tests.unit.test_tasks.TestTask" name="test_no_failure_cleanups_on_success" time="0.000"></testcase><testcase classname="tests.unit.test_tasks.TestTask" name="test_passing_main_kwargs" time="0.001"></testcase><testcase classname="tests.unit.test_tasks.TestTask" name="test_passing_pending_and_non_pending_kwargs" time="0.003"></testcase><testcase classname="tests.unit.test_tasks.TestTask" name="test_passing_pending_kwargs_list_of_futures" time="0.002"></testcase><testcase classname="tests.unit.test_tasks.TestTask" name="test_passing_pending_kwargs_single_futures" time="0.002"></testcase><testcase classname="tests.unit.test_tasks.TestTask" name="test_repr" time="0.000"></testcase><testcase classname="tests.unit.test_tasks.TestTask" name="test_result_setting_for_error" time="0.001"></testcase><testcase classname="tests.unit.test_tasks.TestTask" name="test_result_setting_for_success" time="0.001"></testcase><testcase classname="tests.unit.test_tasks.TestTask" name="test_single_failed_pending_future" time="0.002"></testcase><testcase classname="tests.unit.test_tasks.TestTask" name="test_single_failed_pending_future_in_list" time="0.002"></testcase><testcase classname="tests.unit.test_tasks.TestTask" name="test_transfer_id" time="0.000"></testcase><testcase classname="tests.unit.test_upload.TestAggregatedProgressCallback" name="test_at_threshold" time="0.000"></testcase><testcase classname="tests.unit.test_upload.TestAggregatedProgressCallback" name="test_flush" time="0.000"></testcase><testcase classname="tests.unit.test_upload.TestAggregatedProgressCallback" name="test_flush_with_nothing_to_flush" time="0.000"></testcase><testcase classname="tests.unit.test_upload.TestAggregatedProgressCallback" name="test_over_threshold" time="0.000"></testcase><testcase classname="tests.unit.test_upload.TestAggregatedProgressCallback" name="test_under_threshold" time="0.000"></testcase><testcase classname="tests.unit.test_upload.TestInterruptReader" name="test_read_raises_exception" time="0.017"></testcase><testcase classname="tests.unit.test_upload.TestInterruptReader" name="test_seek" time="0.015"></testcase><testcase classname="tests.unit.test_upload.TestInterruptReader" name="test_tell" time="0.015"></testcase><testcase classname="tests.unit.test_upload.TestPutObjectTask" name="test_main" time="0.018"></testcase><testcase classname="tests.unit.test_upload.TestUploadFilenameInputManager" name="test_get_put_object_body" time="0.014"></testcase><testcase classname="tests.unit.test_upload.TestUploadFilenameInputManager" name="test_get_put_object_body_is_interruptable" time="0.138"></testcase><testcase classname="tests.unit.test_upload.TestUploadFilenameInputManager" name="test_is_compatible" time="0.024"></testcase><testcase classname="tests.unit.test_upload.TestUploadFilenameInputManager" name="test_provide_transfer_size" time="0.023"></testcase><testcase classname="tests.unit.test_upload.TestUploadFilenameInputManager" name="test_requires_multipart_upload" time="0.024"></testcase><testcase classname="tests.unit.test_upload.TestUploadFilenameInputManager" name="test_stores_bodies_in_memory_put_object" time="0.022"></testcase><testcase classname="tests.unit.test_upload.TestUploadFilenameInputManager" name="test_stores_bodies_in_memory_upload_part" time="0.019"></testcase><testcase classname="tests.unit.test_upload.TestUploadFilenameInputManager" name="test_yield_upload_part_bodies" time="0.017"></testcase><testcase classname="tests.unit.test_upload.TestUploadFilenameInputManager" name="test_yield_upload_part_bodies_are_interruptable" time="0.016"></testcase><testcase classname="tests.unit.test_upload.TestUploadNonSeekableInputManager" name="test_get_put_object_body" time="0.018"></testcase><testcase classname="tests.unit.test_upload.TestUploadNonSeekableInputManager" name="test_get_put_object_body_is_interruptable" time="0.015"></testcase><testcase classname="tests.unit.test_upload.TestUploadNonSeekableInputManager" name="test_initial_data_parts_threshold_equal" time="0.018"></testcase><testcase classname="tests.unit.test_upload.TestUploadNonSeekableInputManager" name="test_initial_data_parts_threshold_greater" time="0.017"></testcase><testcase classname="tests.unit.test_upload.TestUploadNonSeekableInputManager" name="test_initial_data_parts_threshold_lesser" time="0.015"></testcase><testcase classname="tests.unit.test_upload.TestUploadNonSeekableInputManager" name="test_is_compatible" time="0.017"></testcase><testcase classname="tests.unit.test_upload.TestUploadNonSeekableInputManager" name="test_provide_transfer_size" time="0.030"></testcase><testcase classname="tests.unit.test_upload.TestUploadNonSeekableInputManager" name="test_requires_multipart_upload" time="0.029"></testcase><testcase classname="tests.unit.test_upload.TestUploadNonSeekableInputManager" name="test_stores_bodies_in_memory_put_object" time="0.033"></testcase><testcase classname="tests.unit.test_upload.TestUploadNonSeekableInputManager" name="test_stores_bodies_in_memory_upload_part" time="0.030"></testcase><testcase classname="tests.unit.test_upload.TestUploadNonSeekableInputManager" name="test_yield_upload_part_bodies" time="0.021"></testcase><testcase classname="tests.unit.test_upload.TestUploadNonSeekableInputManager" name="test_yield_upload_part_bodies_are_interruptable" time="0.021"></testcase><testcase classname="tests.unit.test_upload.TestUploadPartTask" name="test_main" time="0.018"></testcase><testcase classname="tests.unit.test_upload.TestUploadSeekableInputManager" name="test_get_put_object_body" time="0.017"></testcase><testcase classname="tests.unit.test_upload.TestUploadSeekableInputManager" name="test_get_put_object_body_is_interruptable" time="0.015"></testcase><testcase classname="tests.unit.test_upload.TestUploadSeekableInputManager" name="test_is_compatible" time="0.018"></testcase><testcase classname="tests.unit.test_upload.TestUploadSeekableInputManager" name="test_is_compatible_bytes_io" time="0.018"></testcase><testcase classname="tests.unit.test_upload.TestUploadSeekableInputManager" name="test_not_compatible_for_non_filelike_obj" time="0.021"></testcase><testcase classname="tests.unit.test_upload.TestUploadSeekableInputManager" name="test_provide_transfer_size" time="0.024"></testcase><testcase classname="tests.unit.test_upload.TestUploadSeekableInputManager" name="test_requires_multipart_upload" time="0.021"></testcase><testcase classname="tests.unit.test_upload.TestUploadSeekableInputManager" name="test_stores_bodies_in_memory_put_object" time="0.019"></testcase><testcase classname="tests.unit.test_upload.TestUploadSeekableInputManager" name="test_stores_bodies_in_memory_upload_part" time="0.179"></testcase><testcase classname="tests.unit.test_upload.TestUploadSeekableInputManager" name="test_yield_upload_part_bodies" time="0.023"></testcase><testcase classname="tests.unit.test_upload.TestUploadSeekableInputManager" name="test_yield_upload_part_bodies_are_interruptable" time="0.017"></testcase><testcase classname="tests.unit.test_upload.TestUploadSubmissionTask" name="test_provide_file_size_on_put" time="0.048"></testcase><testcase classname="tests.unit.test_upload.TestUploadSubmissionTask" name="test_submits_no_tag_for_multipart_filename" time="0.064"></testcase><testcase classname="tests.unit.test_upload.TestUploadSubmissionTask" name="test_submits_no_tag_for_put_object_filename" time="0.053"></testcase><testcase classname="tests.unit.test_upload.TestUploadSubmissionTask" name="test_submits_no_tag_for_put_object_fileobj" time="0.045"></testcase><testcase classname="tests.unit.test_upload.TestUploadSubmissionTask" name="test_submits_tag_for_multipart_fileobj" time="0.071"></testcase><testcase classname="tests.unit.test_utils.TestAdjustChunksize" name="test_chunksize_above_maximum" time="0.000"></testcase><testcase classname="tests.unit.test_utils.TestAdjustChunksize" name="test_chunksize_below_minimum" time="0.000"></testcase><testcase classname="tests.unit.test_utils.TestAdjustChunksize" name="test_chunksize_too_small" time="0.000"></testcase><testcase classname="tests.unit.test_utils.TestAdjustChunksize" name="test_unknown_file_size_above_maximum" time="0.000"></testcase><testcase classname="tests.unit.test_utils.TestAdjustChunksize" name="test_unknown_file_size_below_minimum" time="0.000"></testcase><testcase classname="tests.unit.test_utils.TestAdjustChunksize" name="test_unknown_file_size_with_valid_chunksize" time="0.000"></testcase><testcase classname="tests.unit.test_utils.TestAdjustChunksize" name="test_valid_chunksize" time="0.000"></testcase><testcase classname="tests.unit.test_utils.TestCalculateRangeParameter" name="test_calculate_range_paramter" time="0.000"></testcase><testcase classname="tests.unit.test_utils.TestCalculateRangeParameter" name="test_last_part_with_no_total_size" time="0.000"></testcase><testcase classname="tests.unit.test_utils.TestCalculateRangeParameter" name="test_last_part_with_total_size" time="0.000"></testcase><testcase classname="tests.unit.test_utils.TestCallArgs" name="test_call_args" time="0.000"></testcase><testcase classname="tests.unit.test_utils.TestCountCallbackInvoker" name="test_callback_invoked_after_finalizing_and_count_reaching_zero" time="0.000"></testcase><testcase classname="tests.unit.test_utils.TestCountCallbackInvoker" name="test_callback_invoked_only_once_finalized" time="0.000"></testcase><testcase classname="tests.unit.test_utils.TestCountCallbackInvoker" name="test_cannot_increment_after_finalization" time="0.000"></testcase><testcase classname="tests.unit.test_utils.TestCountCallbackInvoker" name="test_count_cannot_go_below_zero" time="0.000"></testcase><testcase classname="tests.unit.test_utils.TestCountCallbackInvoker" name="test_decrement" time="0.000"></testcase><testcase classname="tests.unit.test_utils.TestCountCallbackInvoker" name="test_increment" time="0.000"></testcase><testcase classname="tests.unit.test_utils.TestDeferredOpenFile" name="test_context_handler" time="0.001"></testcase><testcase classname="tests.unit.test_utils.TestDeferredOpenFile" name="test_instantiation_does_not_open_file" time="0.001"></testcase><testcase classname="tests.unit.test_utils.TestDeferredOpenFile" name="test_name" time="0.001"></testcase><testcase classname="tests.unit.test_utils.TestDeferredOpenFile" name="test_open_args" time="0.001"></testcase><testcase classname="tests.unit.test_utils.TestDeferredOpenFile" name="test_open_does_not_seek_with_zero_start_byte" time="0.001"></testcase><testcase classname="tests.unit.test_utils.TestDeferredOpenFile" name="test_open_seeks_with_nonzero_start_byte" time="0.001"></testcase><testcase classname="tests.unit.test_utils.TestDeferredOpenFile" name="test_read" time="0.001"></testcase><testcase classname="tests.unit.test_utils.TestDeferredOpenFile" name="test_seek" time="0.001"></testcase><testcase classname="tests.unit.test_utils.TestDeferredOpenFile" name="test_tell" time="0.001"></testcase><testcase classname="tests.unit.test_utils.TestDeferredOpenFile" name="test_write" time="0.001"></testcase><testcase classname="tests.unit.test_utils.TestFunctionContainer" name="test_call" time="0.000"></testcase><testcase classname="tests.unit.test_utils.TestFunctionContainer" name="test_repr" time="0.000"></testcase><testcase classname="tests.unit.test_utils.TestGetCallbacks" name="test_get_callbacks" time="0.001"></testcase><testcase classname="tests.unit.test_utils.TestGetCallbacks" name="test_get_callbacks_for_missing_type" time="0.001"></testcase><testcase classname="tests.unit.test_utils.TestInvokeProgressCallbacks" name="test_invoke_progress_callbacks" time="0.001"></testcase><testcase classname="tests.unit.test_utils.TestInvokeProgressCallbacks" name="test_invoke_progress_callbacks_with_no_progress" time="0.000"></testcase><testcase classname="tests.unit.test_utils.TestOSUtils" name="test_get_file_size" time="0.001"></testcase><testcase classname="tests.unit.test_utils.TestOSUtils" name="test_is_special_file_for_non_existant_file" time="0.001"></testcase><testcase classname="tests.unit.test_utils.TestOSUtils" name="test_is_special_file_for_normal_file" time="0.001"></testcase><testcase classname="tests.unit.test_utils.TestOSUtils" name="test_open_file" time="0.001"></testcase><testcase classname="tests.unit.test_utils.TestOSUtils" name="test_open_file_chunk_reader" time="0.001"></testcase><testcase classname="tests.unit.test_utils.TestOSUtils" name="test_open_file_chunk_reader_from_fileobj" time="0.001"></testcase><testcase classname="tests.unit.test_utils.TestOSUtils" name="test_remove_file_ignores_errors" time="0.001"></testcase><testcase classname="tests.unit.test_utils.TestOSUtils" name="test_remove_file_proxies_remove_file" time="0.001"></testcase><testcase classname="tests.unit.test_utils.TestOSUtils" name="test_rename_file" time="0.001"></testcase><testcase classname="tests.unit.test_utils.TestRandomFileExtension" name="test_has_proper_length" time="0.000"></testcase><testcase classname="tests.unit.test_utils.TestReadFileChunk" name="test_all_callbacks_invoked_on_read" time="0.001"></testcase><testcase classname="tests.unit.test_utils.TestReadFileChunk" name="test_callback_can_be_disabled" time="0.001"></testcase><testcase classname="tests.unit.test_utils.TestReadFileChunk" name="test_callback_is_invoked_on_read" time="0.001"></testcase><testcase classname="tests.unit.test_utils.TestReadFileChunk" name="test_callback_will_also_be_triggered_by_seek" time="0.001"></testcase><testcase classname="tests.unit.test_utils.TestReadFileChunk" name="test_close_callbacks" time="0.001"></testcase><testcase classname="tests.unit.test_utils.TestReadFileChunk" name="test_close_callbacks_when_context_handler_is_used" time="0.001"></testcase><testcase classname="tests.unit.test_utils.TestReadFileChunk" name="test_close_callbacks_when_not_enabled" time="0.001"></testcase><testcase classname="tests.unit.test_utils.TestReadFileChunk" name="test_file_chunk_supports_context_manager" time="0.001"></testcase><testcase classname="tests.unit.test_utils.TestReadFileChunk" name="test_iter_is_always_empty" time="0.001"></testcase><testcase classname="tests.unit.test_utils.TestReadFileChunk" name="test_read_entire_chunk" time="0.001"></testcase><testcase classname="tests.unit.test_utils.TestReadFileChunk" name="test_read_past_end_of_file" time="0.001"></testcase><testcase classname="tests.unit.test_utils.TestReadFileChunk" name="test_read_with_amount_size" time="0.001"></testcase><testcase classname="tests.unit.test_utils.TestReadFileChunk" name="test_reset_stream_emulation" time="0.001"></testcase><testcase classname="tests.unit.test_utils.TestReadFileChunk" name="test_tell_and_seek" time="0.001"></testcase><testcase classname="tests.unit.test_utils.TestSlidingWindowSemaphore" name="test_acquire_release_basic_case" time="0.001"></testcase><testcase classname="tests.unit.test_utils.TestSlidingWindowSemaphore" name="test_can_acquire_a_range" time="0.002"></testcase><testcase classname="tests.unit.test_utils.TestSlidingWindowSemaphore" name="test_can_acquire_release_multiple_times" time="0.001"></testcase><testcase classname="tests.unit.test_utils.TestSlidingWindowSemaphore" name="test_can_check_in_partial_range" time="0.001"></testcase><testcase classname="tests.unit.test_utils.TestSlidingWindowSemaphore" name="test_can_handle_multiple_tags_released" time="0.001"></testcase><testcase classname="tests.unit.test_utils.TestSlidingWindowSemaphore" name="test_can_track_multiple_tags" time="0.001"></testcase><testcase classname="tests.unit.test_utils.TestSlidingWindowSemaphore" name="test_counter_release_only_on_min_element" time="0.001"></testcase><testcase classname="tests.unit.test_utils.TestSlidingWindowSemaphore" name="test_error_to_release_unknown_tag" time="0.000"></testcase><testcase classname="tests.unit.test_utils.TestSlidingWindowSemaphore" name="test_is_error_to_double_release" time="0.001"></testcase><testcase classname="tests.unit.test_utils.TestSlidingWindowSemaphore" name="test_is_error_to_release_unknown_sequence_number" time="0.000"></testcase><testcase classname="tests.unit.test_utils.TestSlidingWindowSemaphore" name="test_raises_error_when_count_is_zero" time="0.001"></testcase><testcase classname="tests.unit.test_utils.TestSlidingWindowSemaphore" name="test_release_counters_can_increment_counter_repeatedly" time="0.001"></testcase><testcase classname="tests.unit.test_utils.TestStreamReaderProgress" name="test_callback_invoked" time="0.001"></testcase><testcase classname="tests.unit.test_utils.TestStreamReaderProgress" name="test_proxies_to_wrapped_stream" time="0.000"></testcase><testcase classname="tests.unit.test_utils.TestTaskSemaphore" name="test_release_capacity" time="0.000"></testcase><testcase classname="tests.unit.test_utils.TestTaskSemaphore" name="test_should_block_at_max_capacity" time="0.000"></testcase><testcase classname="tests.unit.test_utils.TestThreadingPropertiesForSlidingWindowSemaphore" name="test_acquire_blocks_until_release_is_called" time="0.002"></testcase><testcase classname="tests.unit.test_utils.TestThreadingPropertiesForSlidingWindowSemaphore" name="test_blocking_stress" time="0.317"></testcase><testcase classname="tests.unit.test_utils.TestThreadingPropertiesForSlidingWindowSemaphore" name="test_stress_invariants_random_order" time="0.212"></testcase><testcase classname="tests.functional.test_delete.TestDeleteObject" name="test_for_callback_kwargs_correctness" time="0.019"></testcase><testcase classname="tests.functional.test_delete.TestDeleteObject" name="test_has_transfer_id_associated_to_future" time="0.020"></testcase><testcase classname="tests.functional.test_delete.TestDeleteObject" name="test_invalid_extra_args" time="0.018"></testcase><testcase classname="tests.functional.test_delete.TestDeleteObject" name="test_known_allowed_args_in_input_shape" time="0.014"></testcase><testcase classname="tests.functional.test_delete.TestDeleteObject" name="test_returns_correct_call_args" time="0.019"></testcase><testcase classname="tests.functional.test_delete.TestDeleteObject" name="test_returns_future_with_meta" time="0.018"></testcase><testcase classname="tests.functional.test_download.TestNonRangedDownload" name="test_allowed_copy_params_are_valid" time="0.016"></testcase><testcase classname="tests.functional.test_download.TestNonRangedDownload" name="test_can_provide_file_size" time="0.023"></testcase><testcase classname="tests.functional.test_download.TestNonRangedDownload" name="test_download" time="0.021"></testcase><testcase classname="tests.functional.test_download.TestNonRangedDownload" name="test_download_cleanup_on_failure" time="0.027"></testcase><testcase classname="tests.functional.test_download.TestNonRangedDownload" name="test_download_empty_object" time="0.021"></testcase><testcase classname="tests.functional.test_download.TestNonRangedDownload" name="test_download_for_fifo_file" time="0.022"></testcase><testcase classname="tests.functional.test_download.TestNonRangedDownload" name="test_download_for_fileobj" time="0.020"></testcase><testcase classname="tests.functional.test_download.TestNonRangedDownload" name="test_download_for_nonseekable_filelike_obj" time="0.022"></testcase><testcase classname="tests.functional.test_download.TestNonRangedDownload" name="test_download_for_seekable_filelike_obj" time="0.021"></testcase><testcase classname="tests.functional.test_download.TestNonRangedDownload" name="test_download_temporary_file_does_not_exist" time="0.022"></testcase><testcase classname="tests.functional.test_download.TestNonRangedDownload" name="test_download_with_nonexistent_directory" time="0.022"></testcase><testcase classname="tests.functional.test_download.TestNonRangedDownload" name="test_for_callback_kwargs_correctness" time="0.021"></testcase><testcase classname="tests.functional.test_download.TestNonRangedDownload" name="test_has_transfer_id_associated_to_future" time="0.041"></testcase><testcase classname="tests.functional.test_download.TestNonRangedDownload" name="test_invalid_extra_args" time="0.021"></testcase><testcase classname="tests.functional.test_download.TestNonRangedDownload" name="test_retries_and_succeeds" time="0.237"></testcase><testcase classname="tests.functional.test_download.TestNonRangedDownload" name="test_retry_failure" time="0.033"></testcase><testcase classname="tests.functional.test_download.TestNonRangedDownload" name="test_retry_rewinds_callbacks" time="0.027"></testcase><testcase classname="tests.functional.test_download.TestNonRangedDownload" name="test_returns_correct_call_args" time="0.024"></testcase><testcase classname="tests.functional.test_download.TestNonRangedDownload" name="test_returns_future_with_meta" time="0.024"></testcase><testcase classname="tests.functional.test_download.TestNonRangedDownload" name="test_uses_provided_osutil" time="0.036"></testcase><testcase classname="tests.functional.test_download.TestRangedDownload" name="test_can_provide_file_size" time="0.034"></testcase><testcase classname="tests.functional.test_download.TestRangedDownload" name="test_download" time="0.034"></testcase><testcase classname="tests.functional.test_download.TestRangedDownload" name="test_download_cleanup_on_failure" time="0.030"></testcase><testcase classname="tests.functional.test_download.TestRangedDownload" name="test_download_for_fifo_file" time="0.028"></testcase><testcase classname="tests.functional.test_download.TestRangedDownload" name="test_download_for_fileobj" time="0.041"></testcase><testcase classname="tests.functional.test_download.TestRangedDownload" name="test_download_for_nonseekable_filelike_obj" time="0.058"></testcase><testcase classname="tests.functional.test_download.TestRangedDownload" name="test_download_for_seekable_filelike_obj" time="0.039"></testcase><testcase classname="tests.functional.test_download.TestRangedDownload" name="test_download_temporary_file_does_not_exist" time="0.037"></testcase><testcase classname="tests.functional.test_download.TestRangedDownload" name="test_download_with_nonexistent_directory" time="0.028"></testcase><testcase classname="tests.functional.test_download.TestRangedDownload" name="test_for_callback_kwargs_correctness" time="0.028"></testcase><testcase classname="tests.functional.test_download.TestRangedDownload" name="test_has_transfer_id_associated_to_future" time="0.045"></testcase><testcase classname="tests.functional.test_download.TestRangedDownload" name="test_invalid_extra_args" time="0.022"></testcase><testcase classname="tests.functional.test_download.TestRangedDownload" name="test_retries_and_succeeds" time="0.039"></testcase><testcase classname="tests.functional.test_download.TestRangedDownload" name="test_retry_failure" time="0.026"></testcase><testcase classname="tests.functional.test_download.TestRangedDownload" name="test_retry_rewinds_callbacks" time="0.043"></testcase><testcase classname="tests.functional.test_download.TestRangedDownload" name="test_returns_correct_call_args" time="0.038"></testcase><testcase classname="tests.functional.test_download.TestRangedDownload" name="test_returns_future_with_meta" time="0.040"></testcase><testcase classname="tests.functional.test_download.TestRangedDownload" name="test_uses_provided_osutil" time="0.037"></testcase><testcase classname="tests.functional.test_manager.TestTransferManager" name="test_cntrl_c_in_context_manager_cancels_incomplete_transfers" time="0.181"></testcase><testcase classname="tests.functional.test_manager.TestTransferManager" name="test_enable_disable_callbacks_only_ever_registered_once" time="0.020"></testcase><testcase classname="tests.functional.test_manager.TestTransferManager" name="test_error_in_context_manager_cancels_incomplete_transfers" time="0.086"></testcase><testcase classname="tests.functional.test_manager.TestTransferManager" name="test_unicode_exception_in_context_manager" time="0.015"></testcase><testcase classname="tests.functional.test_manager.TestTransferManager" name="test_use_custom_executor_implementation" time="0.016"></testcase><testcase classname="tests.functional.test_upload.TestMultipartUpload" name="test_for_callback_kwargs_correctness" time="0.031"></testcase><testcase classname="tests.functional.test_upload.TestMultipartUpload" name="test_has_transfer_id_associated_to_future" time="0.040"></testcase><testcase classname="tests.functional.test_upload.TestMultipartUpload" name="test_invalid_extra_args" time="0.017"></testcase><testcase classname="tests.functional.test_upload.TestMultipartUpload" name="test_limits_in_memory_chunks_for_fileobj" time="0.031"></testcase><testcase classname="tests.functional.test_upload.TestMultipartUpload" name="test_returns_correct_call_args" time="0.300"></testcase><testcase classname="tests.functional.test_upload.TestMultipartUpload" name="test_returns_future_with_meta" time="0.038"></testcase><testcase classname="tests.functional.test_upload.TestMultipartUpload" name="test_upload" time="0.042"></testcase><testcase classname="tests.functional.test_upload.TestMultipartUpload" name="test_upload_failure_invokes_abort" time="0.045"></testcase><testcase classname="tests.functional.test_upload.TestMultipartUpload" name="test_upload_for_fileobj" time="0.031"></testcase><testcase classname="tests.functional.test_upload.TestMultipartUpload" name="test_upload_for_non_seekable_filelike_obj" time="0.030"></testcase><testcase classname="tests.functional.test_upload.TestMultipartUpload" name="test_upload_for_seekable_filelike_obj" time="0.030"></testcase><testcase classname="tests.functional.test_upload.TestMultipartUpload" name="test_upload_for_seekable_filelike_obj_that_has_been_seeked" time="0.036"></testcase><testcase classname="tests.functional.test_upload.TestMultipartUpload" name="test_upload_passes_select_extra_args" time="0.033"></testcase><testcase classname="tests.functional.test_upload.TestNonMultipartUpload" name="test_allowed_upload_params_are_valid" time="0.022"></testcase><testcase classname="tests.functional.test_upload.TestNonMultipartUpload" name="test_for_callback_kwargs_correctness" time="0.022"></testcase><testcase classname="tests.functional.test_upload.TestNonMultipartUpload" name="test_has_transfer_id_associated_to_future" time="0.024"></testcase><testcase classname="tests.functional.test_upload.TestNonMultipartUpload" name="test_invalid_extra_args" time="0.018"></testcase><testcase classname="tests.functional.test_upload.TestNonMultipartUpload" name="test_returns_correct_call_args" time="0.020"></testcase><testcase classname="tests.functional.test_upload.TestNonMultipartUpload" name="test_returns_future_with_meta" time="0.022"></testcase><testcase classname="tests.functional.test_upload.TestNonMultipartUpload" name="test_sigv4_progress_callbacks_invoked_once" time="0.030"></testcase><testcase classname="tests.functional.test_upload.TestNonMultipartUpload" name="test_upload" time="0.024"></testcase><testcase classname="tests.functional.test_upload.TestNonMultipartUpload" name="test_upload_for_fileobj" time="0.027"></testcase><testcase classname="tests.functional.test_upload.TestNonMultipartUpload" name="test_upload_for_non_seekable_filelike_obj" time="0.027"></testcase><testcase classname="tests.functional.test_upload.TestNonMultipartUpload" name="test_upload_for_seekable_filelike_obj" time="0.029"></testcase><testcase classname="tests.functional.test_upload.TestNonMultipartUpload" name="test_upload_for_seekable_filelike_obj_that_has_been_seeked" time="0.032"></testcase><testcase classname="tests.functional.test_upload.TestNonMultipartUpload" name="test_uses_provided_osutil" time="0.043"></testcase><testcase classname="tests.functional.test_utils.TestOSUtilsSpecialFiles" name="test_character_device" time="0.001"></testcase><testcase classname="tests.functional.test_utils.TestOSUtilsSpecialFiles" name="test_fifo" time="0.001"></testcase><testcase classname="tests.functional.test_utils.TestOSUtilsSpecialFiles" name="test_socket" time="0.001"></testcase></testsuite>